[debug] [2025-01-03T13:10:15.070Z] ----------------------------------------------------------------------
[debug] [2025-01-03T13:10:15.071Z] Command:       /Users/NiraliSonani/.nvm/versions/node/v18.20.4/bin/node /Users/NiraliSonani/.nvm/versions/node/v18.20.4/bin/firebase init
[debug] [2025-01-03T13:10:15.071Z] CLI Version:   13.29.1
[debug] [2025-01-03T13:10:15.071Z] Platform:      darwin
[debug] [2025-01-03T13:10:15.071Z] Node Version:  v18.20.4
[debug] [2025-01-03T13:10:15.077Z] Time:          Fri Jan 03 2025 18:40:15 GMT+0530 (India Standard Time)
[debug] [2025-01-03T13:10:15.077Z] ----------------------------------------------------------------------
[debug] 
[debug] [2025-01-03T13:10:15.108Z] > command requires scopes: ["email","openid","https://www.googleapis.com/auth/cloudplatformprojects.readonly","https://www.googleapis.com/auth/firebase","https://www.googleapis.com/auth/cloud-platform"]
[debug] [2025-01-03T13:10:15.108Z] > authorizing via signed-in user (nirali.s@canopas.com)
[info] 
     ######## #### ########  ######## ########     ###     ######  ########
     ##        ##  ##     ## ##       ##     ##  ##   ##  ##       ##
     ######    ##  ########  ######   ########  #########  ######  ######
     ##        ##  ##    ##  ##       ##     ## ##     ##       ## ##
     ##       #### ##     ## ######## ########  ##     ##  ######  ########

You're about to initialize a Firebase project in this directory:

  /Users/NiraliSonani/Desktop/Splito

Before we get started, keep in mind:

  * You are initializing within an existing Firebase project directory

